<?xml version="1.0" encoding="UTF-8"?>
<!-- Generated by org.testng.reporters.JUnitReportReporter -->
<testsuite hostname="DESKTOP-68R7VSO" failures="0" tests="1" name="testCases.Action_T" time="29.826" errors="0" timestamp="2024-03-15T16:38:43 IST" skipped="0">
  <testcase classname="testCases.Action_T" name="downloadUploadTest" time="29.826"/>
  <system-out/>
</testsuite> <!-- testCases.Action_T -->
