<?xml version="1.0" encoding="UTF-8"?>
<!-- Generated by org.testng.reporters.JUnitReportReporter -->
<testsuite hostname="DESKTOP-35CFFOK" failures="0" tests="1" name="testCases.Action_Test" time="0.009" errors="0" timestamp="2024-03-02T17:46:50 IST" skipped="0">
  <testcase classname="testCases.Action_Test" name="RadioVutton_Test" time="0.009"/>
</testsuite> <!-- testCases.Action_Test -->
