<?xml version="1.0" encoding="UTF-8"?>
<!-- Generated by org.testng.reporters.JUnitReportReporter -->
<testsuite hostname="DESKTOP-35CFFOK" failures="0" tests="6" name="testCases.LinkReponseTest" time="17.273" errors="0" timestamp="2024-03-11T12:27:44 IST" skipped="5">
  <testcase classname="testCases.LinkReponseTest" name="radioButtonCLick" time="17.273"/>
  <testcase classname="testCases.LinkReponseTest" name="ListArry">
    <skipped/>
  </testcase> <!-- ListArry -->
  <testcase classname="testCases.LinkReponseTest" name="reponseTest">
    <skipped/>
  </testcase> <!-- reponseTest -->
  <testcase classname="testCases.LinkReponseTest" name="arraylist">
    <skipped/>
  </testcase> <!-- arraylist -->
  <testcase classname="testCases.LinkReponseTest" name="SearchSort">
    <skipped/>
  </testcase> <!-- SearchSort -->
  <testcase classname="testCases.LinkReponseTest" name="Sorting123">
    <skipped/>
  </testcase> <!-- Sorting123 -->
</testsuite> <!-- testCases.LinkReponseTest -->
