<?xml version="1.0" encoding="UTF-8"?>
<!-- Generated by org.testng.reporters.JUnitReportReporter -->
<testsuite hostname="DESKTOP-35CFFOK" failures="0" tests="1" name="rough.FileUploadTest" time="10.314" errors="0" timestamp="2024-03-12T14:50:00 IST" skipped="0">
  <testcase classname="rough.FileUploadTest" name="UplaodImage" time="10.314"/>
</testsuite> <!-- rough.FileUploadTest -->
