<?xml version="1.0" encoding="UTF-8"?>
<!-- Generated by org.testng.reporters.JUnitReportReporter -->
<testsuite hostname="DESKTOP-35CFFOK" failures="0" tests="1" name="rough.ColloectinJava" time="0.009" errors="0" timestamp="2024-03-12T17:57:46 IST" skipped="0">
  <testcase classname="rough.ColloectinJava" name="ArayList1" time="0.009"/>
</testsuite> <!-- rough.ColloectinJava -->
