<?xml version="1.0" encoding="UTF-8"?>
<!-- Generated by org.testng.reporters.JUnitReportReporter -->
<testsuite hostname="DESKTOP-35CFFOK" failures="0" tests="1" name="testCases.Action_T" time="0.013" errors="0" timestamp="2024-03-03T00:17:30 IST" skipped="0">
  <testcase classname="testCases.Action_T" name="RadioVutton_4" time="0.013"/>
</testsuite> <!-- testCases.Action_T -->
