<?xml version="1.0" encoding="UTF-8"?>
<!-- Generated by org.testng.reporters.JUnitReportReporter -->
<testsuite hostname="DESKTOP-35CFFOK" failures="0" tests="1" name="testCases.Action_T" time="9.467" errors="0" timestamp="2024-03-15T14:31:56 IST" skipped="0">
  <testcase classname="testCases.Action_T" name="downloadUploadTest" time="9.467"/>
</testsuite> <!-- testCases.Action_T -->
