<?xml version="1.0" encoding="UTF-8"?>
<!-- Generated by org.testng.reporters.JUnitReportReporter -->
<testsuite hostname="DESKTOP-35CFFOK" failures="0" tests="1" name="rough.BrokenLinkNoProtocolSet" time="0.931" errors="0" timestamp="2024-03-13T17:13:12 IST" skipped="0">
  <testcase classname="rough.BrokenLinkNoProtocolSet" name="NoOri" time="0.931"/>
</testsuite> <!-- rough.BrokenLinkNoProtocolSet -->
