<?xml version="1.0" encoding="UTF-8"?>
<!-- Generated by org.testng.reporters.JUnitReportReporter -->
<testsuite hostname="DESKTOP-35CFFOK" failures="0" tests="1" name="practise.LaunchTest" time="5.224" errors="0" timestamp="2024-03-11T23:59:47 IST" skipped="0">
  <testcase classname="practise.LaunchTest" name="LaunchBroswer" time="5.224"/>
</testsuite> <!-- practise.LaunchTest -->
