<?xml version="1.0" encoding="UTF-8"?>
<!-- Generated by org.testng.reporters.JUnitReportReporter -->
<testsuite hostname="DESKTOP-35CFFOK" failures="0" tests="2" name="practise.TableTest" time="9.403" errors="0" timestamp="2024-03-12T16:38:12 IST" skipped="1">
  <testcase classname="practise.TableTest" name="KeYInout21" time="9.403"/>
  <testcase classname="practise.TableTest" name="getText">
    <skipped/>
  </testcase> <!-- getText -->
</testsuite> <!-- practise.TableTest -->
