<?xml version="1.0" encoding="UTF-8"?>
<!-- Generated by org.testng.reporters.JUnitReportReporter -->
<testsuite hostname="DESKTOP-35CFFOK" failures="0" tests="1" name="rough.BrokenLink" time="8.594" errors="0" timestamp="2024-03-13T17:19:55 IST" skipped="0">
  <testcase classname="rough.BrokenLink" name="CheckBrokenLink" time="8.594"/>
</testsuite> <!-- rough.BrokenLink -->
