<?xml version="1.0" encoding="UTF-8"?>
<!-- Generated by org.testng.reporters.JUnitReportReporter -->
<testsuite hostname="DESKTOP-35CFFOK" failures="0" tests="1" name="testCases.Action_T" time="6.386" errors="0" timestamp="2024-03-09T14:13:57 IST" skipped="0">
  <testcase classname="testCases.Action_T" name="RadioVuttonClick" time="6.386"/>
</testsuite> <!-- testCases.Action_T -->
