<?xml version="1.0" encoding="UTF-8"?>
<!-- Generated by org.testng.reporters.JUnitReportReporter -->
<testsuite hostname="DESKTOP-35CFFOK" failures="0" tests="2" name="testCases.Action_T" time="0.006" errors="0" timestamp="2024-03-03T00:35:08 IST" skipped="0">
  <testcase classname="testCases.Action_T" name="RadioVutton_1" time="0.003"/>
  <testcase classname="testCases.Action_T" name="RadioVutton_3" time="0.003"/>
</testsuite> <!-- testCases.Action_T -->
