<?xml version="1.0" encoding="UTF-8"?>
<!-- Generated by org.testng.reporters.JUnitReportReporter -->
<testsuite hostname="DESKTOP-35CFFOK" failures="0" tests="3" name="testCases.Action_T" time="21.385" errors="0" timestamp="2024-03-03T16:22:33 IST" skipped="0">
  <testcase classname="testCases.Action_T" name="RadioVutton_4" time="6.883"/>
  <testcase classname="testCases.Action_T" name="RadioVutton_1" time="7.109"/>
  <testcase classname="testCases.Action_T" name="RadioVutton_3" time="7.393"/>
</testsuite> <!-- testCases.Action_T -->
