<?xml version="1.0" encoding="UTF-8"?>
<!-- Generated by org.testng.reporters.JUnitReportReporter -->
<testsuite hostname="DESKTOP-35CFFOK" failures="0" tests="1" name="testCases.Action_T" time="7.465" errors="0" timestamp="2024-03-14T17:29:22 IST" skipped="0">
  <testcase classname="testCases.Action_T" name="RadioVuttonClick" time="7.465"/>
</testsuite> <!-- testCases.Action_T -->
